<?xml version="1.0" encoding="UTF-8"?>
<!-- Generated by org.testng.reporters.JUnitReportReporter -->
<testsuite skipped="0" hostname="ankiagra-WX-3" name="testNG.TestNGTestSample" tests="4" failures="0" timestamp="16 Apr 2021 19:44:10 GMT" time="0.010" errors="0">
  <testcase name="LoginAPICarLoan" time="0.002" classname="testNG.TestNGTestSample"/>
  <testcase name="MobileLoginCarLoan" time="0.000" classname="testNG.TestNGTestSample"/>
  <testcase name="WebLoginCarLoan" time="0.001" classname="testNG.TestNGTestSample"/>
  <testcase name="Demo" time="0.007" classname="testNG.TestNGTestSample"/>
</testsuite> <!-- testNG.TestNGTestSample -->
