<?xml version="1.0" encoding="UTF-8"?>
<!-- Generated by org.testng.reporters.JUnitReportReporter -->
<testsuite skipped="0" hostname="ankiagra-WX-3" name="TestNGExamples.TestNGGroups" tests="2" failures="0" timestamp="17 Apr 2021 20:22:42 GMT" time="0.014" errors="0">
  <testcase name="WebLoginHomeLoan" time="0.012" classname="TestNGExamples.TestNGGroups"/>
  <testcase name="WebLogoutHomeLoan" time="0.002" classname="TestNGExamples.TestNGGroups"/>
</testsuite> <!-- TestNGExamples.TestNGGroups -->
