<?xml version="1.0" encoding="UTF-8"?>
<!-- Generated by org.testng.reporters.JUnitReportReporter -->
<testsuite skipped="0" hostname="ankiagra-WX-3" name="TestNGExamples.TestNGDataProviderAnnotation2" tests="3" failures="0" timestamp="17 Apr 2021 21:48:17 GMT" time="0.008" errors="0">
  <testcase name="getUser" time="0.006" classname="TestNGExamples.TestNGDataProviderAnnotation2"/>
  <testcase name="getUser" time="0.001" classname="TestNGExamples.TestNGDataProviderAnnotation2"/>
  <testcase name="getUser" time="0.001" classname="TestNGExamples.TestNGDataProviderAnnotation2"/>
</testsuite> <!-- TestNGExamples.TestNGDataProviderAnnotation2 -->
