<?xml version="1.0" encoding="UTF-8"?>
<!-- Generated by org.testng.reporters.JUnitReportReporter -->
<testsuite skipped="0" hostname="ankiagra-WX-3" name="TestNGExamples.FlightBooking" tests="3" failures="0" timestamp="17 Apr 2021 15:54:04 GMT" time="0.007" errors="0">
  <testcase name="FlightBooking" time="0.003" classname="TestNGExamples.FlightBooking"/>
  <testcase name="OpeningBrowser" time="0.001" classname="TestNGExamples.FlightBooking"/>
  <testcase name="FlightCancel" time="0.003" classname="TestNGExamples.FlightBooking"/>
</testsuite> <!-- TestNGExamples.FlightBooking -->
