<?xml version="1.0" encoding="UTF-8"?>
<!-- Generated by org.testng.reporters.JUnitReportReporter -->
<testsuite skipped="0" hostname="ankiagra-WX-3" name="TestNGExamples.HomeLoan" tests="5" failures="0" timestamp="17 Apr 2021 21:24:55 GMT" time="0.014" errors="0">
  <testcase name="Demo" time="0.003" classname="TestNGExamples.HomeLoan"/>
  <testcase name="WebLoginHomeLoan" time="0.002" classname="TestNGExamples.HomeLoan"/>
  <testcase name="Login" time="0.003" classname="TestNGExamples.HomeLoan"/>
  <testcase name="LoginAPIHomeLoan" time="0.003" classname="TestNGExamples.HomeLoan"/>
  <testcase name="MobileLoginHomeLoan" time="0.003" classname="TestNGExamples.HomeLoan"/>
</testsuite> <!-- TestNGExamples.HomeLoan -->
