<?xml version="1.0" encoding="UTF-8"?>
<!-- Generated by org.testng.reporters.JUnitReportReporter -->
<testsuite skipped="1" hostname="ankiagra-WX-3" name="TestNGExamples.TestNGHelperAttributes" tests="5" failures="0" timestamp="17 Apr 2021 20:55:42 GMT" time="0.031" errors="0">
  <testcase name="GetUSer" time="0.022" classname="TestNGExamples.TestNGHelperAttributes"/>
  <testcase name="WebLogoutCarLoan" time="0.004" classname="TestNGExamples.TestNGHelperAttributes"/>
  <testcase name="WebLoginCarLoan" time="0.002" classname="TestNGExamples.TestNGHelperAttributes"/>
  <testcase name="VerifyUSer" time="0.003" classname="TestNGExamples.TestNGHelperAttributes"/>
  <testcase name="Demo" classname="TestNGExamples.TestNGHelperAttributes">
    <skipped/>
  </testcase> <!-- Demo -->
</testsuite> <!-- TestNGExamples.TestNGHelperAttributes -->
