<?xml version="1.0" encoding="UTF-8"?>
<!-- Generated by org.testng.reporters.JUnitReportReporter -->
<testsuite skipped="0" hostname="ankiagra-WX-3" name="TestNGExamples.TestNGAnnotations" tests="3" failures="0" timestamp="17 Apr 2021 20:10:15 GMT" time="0.013" errors="0">
  <testcase name="LoginAPIHomeLoan" time="0.007" classname="TestNGExamples.TestNGAnnotations"/>
  <testcase name="MobileLoginCarLoan" time="0.003" classname="TestNGExamples.TestNGAnnotations"/>
  <testcase name="WebLoginCarLoan" time="0.003" classname="TestNGExamples.TestNGAnnotations"/>
</testsuite> <!-- TestNGExamples.TestNGAnnotations -->
