<?xml version="1.0" encoding="UTF-8"?>
<!-- Generated by org.testng.reporters.JUnitReportReporter -->
<testsuite skipped="0" hostname="ankiagra-WX-3" name="TestNGExamples.TestNGGroups2" tests="2" failures="0" timestamp="17 Apr 2021 20:22:42 GMT" time="0.002" errors="0">
  <testcase name="WebLogoutCarLoan" time="0.001" classname="TestNGExamples.TestNGGroups2"/>
  <testcase name="WebLoginCarLoan" time="0.001" classname="TestNGExamples.TestNGGroups2"/>
</testsuite> <!-- TestNGExamples.TestNGGroups2 -->
