<?xml version="1.0" encoding="UTF-8"?>
<!-- Generated by org.testng.reporters.JUnitReportReporter -->
<testsuite skipped="0" hostname="ankiagra-WX-3" name="testNG.homeTest" tests="1" failures="0" timestamp="16 Apr 2021 19:44:02 GMT" time="0.008" errors="0">
  <testcase name="hell" time="0.008" classname="testNG.homeTest"/>
</testsuite> <!-- testNG.homeTest -->
