<?xml version="1.0" encoding="UTF-8"?>
<!-- Generated by org.testng.reporters.JUnitReportReporter -->
<testsuite skipped="0" hostname="ankiagra-WX-3" name="TestNGExamples.TestNGXMLFileParametrization" tests="1" failures="0" timestamp="17 Apr 2021 21:24:55 GMT" time="0.025" errors="0">
  <testcase name="Login" time="0.025" classname="TestNGExamples.TestNGXMLFileParametrization"/>
</testsuite> <!-- TestNGExamples.TestNGXMLFileParametrization -->
